Mon May  3 09:19:18 2021 From S start

Mon May  3 09:19:18 2021 From G 0.000010
Mon May  3 09:19:18 2021 Sent Value 0.006290
Mon May  3 09:19:19 2021 From G 0.006290
Mon May  3 09:19:19 2021 Sent Value -0.716963
Mon May  3 09:19:20 2021 From G -0.716963
Mon May  3 09:19:20 2021 Sent Value 0.127284
Mon May  3 09:19:21 2021 From G 0.127284
Mon May  3 09:19:21 2021 Sent Value -0.857275
Mon May  3 09:19:22 2021 From G -0.857275
Mon May  3 09:19:22 2021 Sent Value 0.058024
Mon May  3 09:19:23 2021 From G 0.058024
Mon May  3 09:19:23 2021 Sent Value -0.894042
Mon May  3 09:19:24 2021 From G -0.894042
Mon May  3 09:19:24 2021 Sent Value -1.668843
Mon May  3 09:19:25 2021 From G -1.668843
Mon May  3 09:19:25 2021 Sent Value -0.717275
Mon May  3 09:19:26 2021 From G -0.717275
Mon May  3 09:19:26 2021 Sent Value 0.215073
Mon May  3 09:19:27 2021 From G 0.215073
Mon May  3 09:19:27 2021 Sent Value 0.237718
Mon May  3 09:19:28 2021 From G 0.237718
Mon May  3 09:19:28 2021 Sent Value -0.760415
Mon May  3 09:19:29 2021 From G -0.760415
Mon May  3 09:19:29 2021 Sent Value -0.779187
Mon May  3 09:19:30 2021 From G -0.779187
Mon May  3 09:19:30 2021 Sent Value -0.090771
Mon May  3 09:19:31 2021 From G -0.090771
Mon May  3 09:19:31 2021 Sent Value -0.530585
Mon May  3 09:19:32 2021 From G -0.530585
Mon May  3 09:19:32 2021 Sent Value -0.728020
Mon May  3 09:19:33 2021 From G -0.728020
Mon May  3 09:19:33 2021 Sent Value 0.267501
Mon May  3 09:19:34 2021 From G 0.267501
Mon May  3 09:19:34 2021 Sent Value -0.728912
Mon May  3 09:19:35 2021 From G -0.728912
Mon May  3 09:19:35 2021 Sent Value 0.064226
Mon May  3 09:19:36 2021 From G 0.064226
Mon May  3 09:19:36 2021 Sent Value 0.549611
Mon May  3 09:19:37 2021 From G 0.549611
Mon May  3 09:19:37 2021 Sent Value 0.142374
Mon May  3 09:19:38 2021 From G 0.142374
Mon May  3 09:19:38 2021 Sent Value 1.134670
Mon May  3 09:19:39 2021 From G 1.134670
Mon May  3 09:19:39 2021 Sent Value 1.673321
Mon May  3 09:19:40 2021 From G 1.673321
Mon May  3 09:19:40 2021 Sent Value 2.673172
Mon May  3 09:19:41 2021 From G 2.673172
Mon May  3 09:19:41 2021 Sent Value 3.582572
Mon May  3 09:19:42 2021 From G 3.582572
Mon May  3 09:19:42 2021 Sent Value 4.039524
Mon May  3 09:19:43 2021 From G 4.039524
Mon May  3 09:19:43 2021 Sent Value 3.039636
Mon May  3 09:19:44 2021 From G 3.039636
Mon May  3 09:19:44 2021 Sent Value 2.108637
Mon May  3 09:19:45 2021 From G 2.108637
Mon May  3 09:19:45 2021 Sent Value 1.109539
Mon May  3 09:19:46 2021 From G 1.109539
Mon May  3 09:19:46 2021 Sent Value 0.510014
Mon May  3 09:19:47 2021 From G 0.510014
Mon May  3 09:19:47 2021 Sent Value 0.357217
Mon May  3 09:19:48 2021 From G 0.357217
Mon May  3 09:19:48 2021 Sent Value -0.600592
Mon May  3 09:19:49 2021 From G -0.600592
Mon May  3 09:19:49 2021 Sent Value -0.780500
Mon May  3 09:19:50 2021 From G -0.780500
Mon May  3 09:19:50 2021 Sent Value -0.846258
Mon May  3 09:19:51 2021 From G -0.846258
Mon May  3 09:19:51 2021 Sent Value -0.348797
Mon May  3 09:19:52 2021 From G -0.348797
Mon May  3 09:19:52 2021 Sent Value 0.413444
Mon May  3 09:19:53 2021 From G 0.413444
Mon May  3 09:19:53 2021 Sent Value 1.308987
Mon May  3 09:19:54 2021 From G 1.308987
Mon May  3 09:19:54 2021 Sent Value 0.439716
Mon May  3 09:19:55 2021 From G 0.439716
Mon May  3 09:19:55 2021 Sent Value 0.126433
Mon May  3 09:19:56 2021 From G 0.126433
Mon May  3 09:19:56 2021 Sent Value -0.631364
Mon May  3 09:19:57 2021 From G -0.631364
Mon May  3 09:19:57 2021 Sent Value -1.241274
Mon May  3 09:19:58 2021 From G -1.241274
Mon May  3 09:19:58 2021 Sent Value -1.635654
Mon May  3 09:19:59 2021 From G -1.635654
Mon May  3 09:19:59 2021 Sent Value -1.745312
Mon May  3 09:20:00 2021 From G -1.745312
Mon May  3 09:20:00 2021 Sent Value -2.097647
Mon May  3 09:20:01 2021 From G -2.097647
Mon May  3 09:20:01 2021 Sent Value -1.258908
Mon May  3 09:20:02 2021 From G -1.258908
Mon May  3 09:20:02 2021 Sent Value -0.373520
Mon May  3 09:20:03 2021 From G -0.373520
Mon May  3 09:20:03 2021 Sent Value -1.240533
Mon May  3 09:20:04 2021 From G -1.240533
Mon May  3 09:20:04 2021 Sent Value -1.180611
Mon May  3 09:20:05 2021 From G -1.180611
Mon May  3 09:20:05 2021 Sent Value -1.188537
Mon May  3 09:20:06 2021 From G -1.188537
Mon May  3 09:20:06 2021 Sent Value -0.225505
Mon May  3 09:20:07 2021 From G -0.225505
Mon May  3 09:20:07 2021 Sent Value 0.017414
Mon May  3 09:20:08 2021 From G 0.017414
Mon May  3 09:20:08 2021 Sent Value -0.980804
Mon May  3 09:20:09 2021 From G -0.980804
Mon May  3 09:20:09 2021 Sent Value -1.172418
Mon May  3 09:20:10 2021 From G -1.172418
Mon May  3 09:20:10 2021 Sent Value -2.083343
Mon May  3 09:20:11 2021 From G -2.083343
Mon May  3 09:20:11 2021 Sent Value -3.074410
Mon May  3 09:20:12 2021 From G -3.074410
Mon May  3 09:20:12 2021 Sent Value -4.050171
Mon May  3 09:20:13 2021 From G -4.050171
Mon May  3 09:20:13 2021 Sent Value -3.124644
Mon May  3 09:20:14 2021 From G -3.124644
Mon May  3 09:20:14 2021 Sent Value -4.063382
Mon May  3 09:20:15 2021 From G -4.063382
Mon May  3 09:20:15 2021 Sent Value -4.801823
Mon May  3 09:20:16 2021 From G -4.801823
Mon May  3 09:20:16 2021 Sent Value -4.426898
Mon May  3 09:20:17 2021 From G -4.426898
Mon May  3 09:20:17 2021 Sent Value -4.642739
Mon May  3 09:20:18 2021 From S stop

Mon May  3 09:21:41 2021 From S start

Mon May  3 09:21:41 2021 From G -4.642739
Mon May  3 09:21:41 2021 Sent Value -4.882380
Mon May  3 09:21:42 2021 From G -4.882380
Mon May  3 09:21:42 2021 Sent Value -4.822332
Mon May  3 09:21:43 2021 From G -4.822332
Mon May  3 09:21:43 2021 Sent Value -4.751510
Mon May  3 09:21:44 2021 From G -4.751510
Mon May  3 09:21:44 2021 Sent Value -4.216136
Mon May  3 09:21:45 2021 From G -4.216136
Mon May  3 09:21:45 2021 Sent Value -4.804644
Mon May  3 09:21:46 2021 From G -4.804644
Mon May  3 09:21:46 2021 Sent Value -5.787902
Mon May  3 09:21:47 2021 From G -5.787902
Mon May  3 09:21:47 2021 Sent Value -5.808221
Mon May  3 09:21:48 2021 From G -5.808221
Mon May  3 09:21:48 2021 Sent Value -5.635461
Mon May  3 09:21:49 2021 From G -5.635461
Mon May  3 09:21:49 2021 Sent Value -6.633330
Mon May  3 09:21:50 2021 From G -6.633330
Mon May  3 09:21:50 2021 Sent Value -6.612630
Mon May  3 09:21:51 2021 From G -6.612630
Mon May  3 09:21:51 2021 Sent Value -6.174141
Mon May  3 09:21:52 2021 From G -6.174141
Mon May  3 09:21:52 2021 Sent Value -6.767455
Mon May  3 09:21:53 2021 From G -6.767455
Mon May  3 09:21:53 2021 Sent Value -7.342825
Mon May  3 09:21:54 2021 From G -7.342825
Mon May  3 09:21:54 2021 Sent Value -6.808545
Mon May  3 09:21:55 2021 From G -6.808545
Mon May  3 09:21:55 2021 Sent Value -6.749850
Mon May  3 09:21:56 2021 From G -6.749850
Mon May  3 09:21:56 2021 Sent Value -5.968277
Mon May  3 09:21:57 2021 From G -5.968277
Mon May  3 09:21:57 2021 Sent Value -5.810731
Mon May  3 09:21:58 2021 From G -5.810731
Mon May  3 09:21:58 2021 Sent Value -4.826737
Mon May  3 09:21:59 2021 From G -4.826737
Mon May  3 09:21:59 2021 Sent Value -5.258206
Mon May  3 09:22:00 2021 From G -5.258206
Mon May  3 09:22:00 2021 Sent Value -4.925265
Mon May  3 09:22:01 2021 From G -4.925265
Mon May  3 09:22:01 2021 Sent Value -5.911078
Mon May  3 09:22:02 2021 From G -5.911078
Mon May  3 09:22:02 2021 Sent Value -4.977043
Mon May  3 09:22:03 2021 From G -4.977043
Mon May  3 09:22:03 2021 Sent Value -5.274083
Mon May  3 09:22:04 2021 From G -5.274083
Mon May  3 09:22:04 2021 Sent Value -6.048159
Mon May  3 09:22:05 2021 From G -6.048159
Mon May  3 09:22:05 2021 Sent Value -5.990080
Mon May  3 09:22:06 2021 From G -5.990080
Mon May  3 09:22:06 2021 Sent Value -5.030993
Mon May  3 09:22:07 2021 From G -5.030993
Mon May  3 09:22:07 2021 Sent Value -4.201436
Mon May  3 09:22:08 2021 From G -4.201436
Mon May  3 09:22:08 2021 Sent Value -3.778852
Mon May  3 09:22:09 2021 From G -3.778852
Mon May  3 09:22:09 2021 Sent Value -2.840825
Mon May  3 09:22:10 2021 From G -2.840825
Mon May  3 09:22:10 2021 Sent Value -2.464037
Mon May  3 09:22:11 2021 From G -2.464037
Mon May  3 09:22:11 2021 Sent Value -3.447734
Mon May  3 09:22:12 2021 From G -3.447734
Mon May  3 09:22:12 2021 Sent Value -2.867075
Mon May  3 09:22:13 2021 From G -2.867075
Mon May  3 09:22:13 2021 Sent Value -2.486435
Mon May  3 09:22:14 2021 From G -2.486435
Mon May  3 09:22:14 2021 Sent Value -2.377063
Mon May  3 09:22:15 2021 From G -2.377063
Mon May  3 09:22:15 2021 Sent Value -1.863848
Mon May  3 09:22:16 2021 From G -1.863848
Mon May  3 09:22:16 2021 Sent Value -2.831948
Mon May  3 09:22:17 2021 From G -2.831948
Mon May  3 09:22:17 2021 Sent Value -3.148345
Mon May  3 09:22:18 2021 From G -3.148345
Mon May  3 09:22:18 2021 Sent Value -2.257783
Mon May  3 09:22:19 2021 From G -2.257783
Mon May  3 09:22:19 2021 Sent Value -1.400641
Mon May  3 09:22:20 2021 From S dump log

