
-Sun Feb  6 21:44:57 2022

S: Start Receiving and Sending Tokens


-Sun Feb  6 21:47:12 2022

S: Print Log


-Sun Feb  6 21:47:26 2022

S: Input Selection


-Sun Feb  6 21:47:28 2022

S: Start Receiving and Sending Tokens


-Sun Feb  6 21:47:28 2022

S: Start Receiving and Sending Tokens


-Sat Feb  6 21:47:31 2022

S: User Input Selection


-Sat Feb  6 21:47:31 2022

S: Start Receiving and Sending Tokens


-Sat Feb  6 21:47:57 2022

S: Start Receiving and Sending Tokens


-Sat Feb  6 21:47:57 2022

S: Start Receiving and Sending Tokens


-Sat Feb  6 21:52:51 2022

S: User Input Selection


-Sat Feb  6 21:52:59 2022

S: Start Receiving and Sending Tokens


-Sat Feb  6 21:53:21 2022

S: Print Log


-Sun Feb  6 21:50:58 2022

S: Print Log

